[debug] [2021-02-08T23:49:41.655Z] ----------------------------------------------------------------------
[debug] [2021-02-08T23:49:41.656Z] Command:       C:\Program Files\nodejs\node.exe C:\Users\peter\AppData\Roaming\npm\node_modules\firebase-tools\lib\bin\firebase.js emulators:start
[debug] [2021-02-08T23:49:41.656Z] CLI Version:   9.3.0
[debug] [2021-02-08T23:49:41.656Z] Platform:      win32
[debug] [2021-02-08T23:49:41.656Z] Node Version:  v14.6.0
[debug] [2021-02-08T23:49:41.657Z] Time:          Mon Feb 08 2021 17:49:41 GMT-0600 (Central Standard Time)
[debug] [2021-02-08T23:49:41.657Z] ----------------------------------------------------------------------
[debug] [2021-02-08T23:49:41.657Z] 
[debug] [2021-02-08T23:49:41.662Z] > command requires scopes: ["email","openid","https://www.googleapis.com/auth/cloudplatformprojects.readonly","https://www.googleapis.com/auth/firebase","https://www.googleapis.com/auth/cloud-platform"]
[debug] [2021-02-08T23:49:41.662Z] > authorizing via signed-in user
[info] i  emulators: Starting emulators: auth, database, hosting {"metadata":{"emulator":{"name":"hub"},"message":"Starting emulators: auth, database, hosting"}}
[debug] [2021-02-08T23:49:43.700Z] [hub] writing locator at C:\Users\peter\AppData\Local\Temp\hub-pomodoro-29592.json
[debug] [2021-02-08T23:49:45.755Z] database rules config:  []
[warn] !  database: Did not find a Realtime Database rules file specified in a firebase.json config file. The emulator will default to allowing all reads and writes. Learn more about this option: https://firebase.google.com/docs/emulator-suite/install_and_configure#security_rules_configuration. {"metadata":{"emulator":{"name":"database"},"message":"Did not find a Realtime Database rules file specified in a firebase.json config file. The emulator will default to allowing all reads and writes. Learn more about this option: https://firebase.google.com/docs/emulator-suite/install_and_configure#security_rules_configuration."}}
[debug] [2021-02-08T23:49:45.757Z] Ignoring unsupported arg: projectId {"metadata":{"emulator":{"name":"database"},"message":"Ignoring unsupported arg: projectId"}}
[debug] [2021-02-08T23:49:45.758Z] Ignoring unsupported arg: auto_download {"metadata":{"emulator":{"name":"database"},"message":"Ignoring unsupported arg: auto_download"}}
[debug] [2021-02-08T23:49:45.758Z] Ignoring unsupported arg: rules {"metadata":{"emulator":{"name":"database"},"message":"Ignoring unsupported arg: rules"}}
[debug] [2021-02-08T23:49:45.758Z] Starting Database Emulator with command {"binary":"java","args":["-Duser.language=en","-jar","C:\\Users\\peter\\.cache\\firebase\\emulators\\firebase-database-emulator-v4.7.2.jar","--host","localhost","--port",9000],"optionalArgs":["port","host","functions_emulator_port","functions_emulator_host"],"joinArgs":false} {"metadata":{"emulator":{"name":"database"},"message":"Starting Database Emulator with command {\"binary\":\"java\",\"args\":[\"-Duser.language=en\",\"-jar\",\"C:\\\\Users\\\\peter\\\\.cache\\\\firebase\\\\emulators\\\\firebase-database-emulator-v4.7.2.jar\",\"--host\",\"localhost\",\"--port\",9000],\"optionalArgs\":[\"port\",\"host\",\"functions_emulator_port\",\"functions_emulator_host\"],\"joinArgs\":false}"}}
[info] i  database: Database Emulator logging to database-debug.log {"metadata":{"emulator":{"name":"database"},"message":"Database Emulator logging to \u001b[1mdatabase-debug.log\u001b[22m"}}
[debug] [2021-02-08T23:49:46.679Z] 17:49:46.677 [NamespaceSystem-akka.actor.default-dispatcher-4] INFO akka.event.slf4j.Slf4jLogger - Slf4jLogger started
 {"metadata":{"emulator":{"name":"database"},"message":"17:49:46.677 [NamespaceSystem-akka.actor.default-dispatcher-4] INFO akka.event.slf4j.Slf4jLogger - Slf4jLogger started\r\n"}}
[debug] [2021-02-08T23:49:46.771Z] 17:49:46.771 [main] INFO com.firebase.server.forge.App$ - Listening at localhost:9000
 {"metadata":{"emulator":{"name":"database"},"message":"17:49:46.771 [main] INFO com.firebase.server.forge.App$ - Listening at localhost:9000\r\n"}}
[warn] !  hosting: The hosting emulator is configured but there is no hosting configuration. Have you run firebase init hosting? {"metadata":{"emulator":{"name":"hosting"},"message":"The hosting emulator is configured but there is no hosting configuration. Have you run \u001b[1mfirebase init hosting\u001b[22m?"}}
[debug] [2021-02-08T23:49:54.764Z] Ignoring unsupported arg: auto_download {"metadata":{"emulator":{"name":"ui"},"message":"Ignoring unsupported arg: auto_download"}}
[debug] [2021-02-08T23:49:54.764Z] Ignoring unsupported arg: port {"metadata":{"emulator":{"name":"ui"},"message":"Ignoring unsupported arg: port"}}
[debug] [2021-02-08T23:49:54.765Z] Starting Emulator UI with command {"binary":"node","args":["C:\\Users\\peter\\.cache\\firebase\\emulators\\ui-v1.4.1\\server.bundle.js"],"optionalArgs":[],"joinArgs":false} {"metadata":{"emulator":{"name":"ui"},"message":"Starting Emulator UI with command {\"binary\":\"node\",\"args\":[\"C:\\\\Users\\\\peter\\\\.cache\\\\firebase\\\\emulators\\\\ui-v1.4.1\\\\server.bundle.js\"],\"optionalArgs\":[],\"joinArgs\":false}"}}
[info] i  ui: Emulator UI logging to ui-debug.log {"metadata":{"emulator":{"name":"ui"},"message":"Emulator UI logging to \u001b[1mui-debug.log\u001b[22m"}}
[debug] [2021-02-08T23:49:54.836Z] Web / API server started at http://localhost:4000
 {"metadata":{"emulator":{"name":"ui"},"message":"Web / API server started at http://localhost:4000\n"}}
[info] 
┌─────────────────────────────────────────────────────────────┐
│ ✔  All emulators ready! It is now safe to connect your app. │
│ i  View Emulator UI at http://localhost:4000                │
└─────────────────────────────────────────────────────────────┘

┌────────────────┬──────────────────────────────────┬────────────────────────────────┐
│ Emulator       │ Host:Port                        │ View in Emulator UI            │
├────────────────┼──────────────────────────────────┼────────────────────────────────┤
│ Authentication │ localhost:9099                   │ http://localhost:4000/auth     │
├────────────────┼──────────────────────────────────┼────────────────────────────────┤
│ Database       │ localhost:9000                   │ http://localhost:4000/database │
├────────────────┼──────────────────────────────────┼────────────────────────────────┤
│ Hosting        │ Failed to initialize (see above) │                                │
└────────────────┴──────────────────────────────────┴────────────────────────────────┘
  Emulator Hub running at localhost:4400
  Other reserved ports: 4500

Issues? Report them at https://github.com/firebase/firebase-tools/issues and attach the *-debug.log files.
 
